===== Step 1 + 2 =====
Trying Java version: openjdk version "1.8.0_342"
testing Step 1
[INFO] Scanning for projects...
[WARNING] 
[WARNING] Some problems were encountered while building the effective model for com.yahoo.elide:elide-integration-tests:jar:7.0.1-SNAPSHOT
[WARNING] 'build.plugins.plugin.version' for org.owasp:dependency-check-maven is missing. @ line 197, column 21
[WARNING] 
[WARNING] Some problems were encountered while building the effective model for com.yahoo.elide:elide-model-config:jar:7.0.1-SNAPSHOT
[WARNING] 'build.plugins.plugin.version' for org.codehaus.mojo:build-helper-maven-plugin is missing. @ line 154, column 21
[WARNING] 
[WARNING] Some problems were encountered while building the effective model for com.yahoo.elide:elide-swagger:jar:7.0.1-SNAPSHOT
[WARNING] 'build.plugins.plugin.version' for org.codehaus.mojo:build-helper-maven-plugin is missing. @ line 108, column 21
[WARNING] 
[WARNING] Some problems were encountered while building the effective model for com.yahoo.elide:elide-test-helpers:jar:7.0.1-SNAPSHOT
[WARNING] 'build.plugins.plugin.version' for org.codehaus.mojo:build-helper-maven-plugin is missing. @ line 77, column 21
[WARNING] 
[WARNING] It is highly recommended to fix these problems because they threaten the stability of your build.
[WARNING] 
[WARNING] For this reason, future Maven versions might no longer support building such malformed projects.
[WARNING] 
[WARNING] The project com.yahoo.elide:elide-parent-pom:pom:7.0.1-SNAPSHOT uses prerequisites which is only intended for maven-plugin projects but not for non maven-plugin projects. For such purposes you should use the maven-enforcer-plugin. See https://maven.apache.org/enforcer/enforcer-rules/requireMavenVersion.html
[INFO] ------------------------------------------------------------------------
[INFO] Reactor Build Order:
[INFO] 
[INFO] Elide: Parent Pom                                                  [pom]
[INFO] Elide: Core                                                        [jar]
[INFO] 
[INFO] ------------------< com.yahoo.elide:elide-parent-pom >------------------
[INFO] Building Elide: Parent Pom 7.0.1-SNAPSHOT                          [1/2]
[INFO] --------------------------------[ pom ]---------------------------------
[INFO] 
[INFO] --- maven-clean-plugin:2.5:clean (default-clean) @ elide-parent-pom ---
[INFO] 
[INFO] --- maven-enforcer-plugin:3.4.0:enforce (enforce-java) @ elide-parent-pom ---
[INFO] Skipping Rule Enforcement.
[INFO] 
[INFO] --- jacoco-maven-plugin:0.8.10:prepare-agent (default-prepare-agent) @ elide-parent-pom ---
[INFO] argLine set to -javaagent:/root/.m2/repository/org/jacoco/org.jacoco.agent/0.8.10/org.jacoco.agent-0.8.10-runtime.jar=destfile=/workspace/target-project/target/jacoco.exec
[INFO] 
[INFO] --- lombok-maven-plugin:1.18.20.0:delombok (default) @ elide-parent-pom ---
[WARNING] Skipping Delombok; no source to process.
[INFO] 
[INFO] >>> maven-source-plugin:3.3.0:jar (attach-sources) > generate-sources @ elide-parent-pom >>>
[INFO] 
[INFO] --- maven-enforcer-plugin:3.4.0:enforce (enforce-java) @ elide-parent-pom ---
[INFO] Skipping Rule Enforcement.
[INFO] 
[INFO] --- jacoco-maven-plugin:0.8.10:prepare-agent (default-prepare-agent) @ elide-parent-pom ---
[INFO] argLine set to -javaagent:/root/.m2/repository/org/jacoco/org.jacoco.agent/0.8.10/org.jacoco.agent-0.8.10-runtime.jar=destfile=/workspace/target-project/target/jacoco.exec
[INFO] 
[INFO] --- lombok-maven-plugin:1.18.20.0:delombok (default) @ elide-parent-pom ---
[WARNING] Skipping Delombok; no source to process.
[INFO] 
[INFO] <<< maven-source-plugin:3.3.0:jar (attach-sources) < generate-sources @ elide-parent-pom <<<
[INFO] 
[INFO] 
[INFO] --- maven-source-plugin:3.3.0:jar (attach-sources) @ elide-parent-pom ---
[INFO] 
[INFO] --- maven-javadoc-plugin:3.5.0:jar (attach-javadocs) @ elide-parent-pom ---
[INFO] Skipping javadoc generation
[INFO] 
[INFO] --- jacoco-maven-plugin:0.8.10:prepare-agent-integration (default-prepare-agent-integration) @ elide-parent-pom ---
[INFO] argLine set to -javaagent:/root/.m2/repository/org/jacoco/org.jacoco.agent/0.8.10/org.jacoco.agent-0.8.10-runtime.jar=destfile=/workspace/target-project/target/jacoco-it.exec
[INFO] 
[INFO] --- jacoco-maven-plugin:0.8.10:report (default-report) @ elide-parent-pom ---
[INFO] Skipping JaCoCo execution due to missing execution data file.
[INFO] 
[INFO] --- jacoco-maven-plugin:0.8.10:report-integration (default-report-integration) @ elide-parent-pom ---
[INFO] Skipping JaCoCo execution due to missing execution data file.
[INFO] 
[INFO] --- jacoco-maven-plugin:0.8.10:check (default-check) @ elide-parent-pom ---
[INFO] Skipping JaCoCo execution due to missing execution data file:/workspace/target-project/target/jacoco.exec
[INFO] 
[INFO] --- maven-install-plugin:2.4:install (default-install) @ elide-parent-pom ---
[INFO] Installing /workspace/target-project/pom.xml to /root/.m2/repository/com/yahoo/elide/elide-parent-pom/7.0.1-SNAPSHOT/elide-parent-pom-7.0.1-SNAPSHOT.pom
[INFO] 
[INFO] ---------------------< com.yahoo.elide:elide-core >---------------------
[INFO] Building Elide: Core 7.0.1-SNAPSHOT                                [2/2]
[INFO] --------------------------------[ jar ]---------------------------------
[INFO] 
[INFO] --- maven-clean-plugin:2.5:clean (default-clean) @ elide-core ---
[INFO] 
[INFO] --- maven-enforcer-plugin:3.4.0:enforce (enforce-java) @ elide-core ---
[INFO] Skipping Rule Enforcement.
[INFO] 
[INFO] --- maven-checkstyle-plugin:3.2.1:check (validate) @ elide-core ---
[WARNING] Error injecting: org.apache.maven.plugins.checkstyle.CheckstyleViolationCheckMojo
java.lang.UnsupportedClassVersionError: com/puppycrawl/tools/checkstyle/api/AuditListener has been compiled by a more recent version of the Java Runtime (class file version 55.0), this version of the Java Runtime only recognizes class file versions up to 52.0
    at java.lang.ClassLoader.defineClass1 (Native Method)
    at java.lang.ClassLoader.defineClass (ClassLoader.java:756)
    at java.security.SecureClassLoader.defineClass (SecureClassLoader.java:142)
    at java.net.URLClassLoader.defineClass (URLClassLoader.java:473)
    at java.net.URLClassLoader.access$100 (URLClassLoader.java:74)
    at java.net.URLClassLoader$1.run (URLClassLoader.java:369)
    at java.net.URLClassLoader$1.run (URLClassLoader.java:363)
    at java.security.AccessController.doPrivileged (Native Method)
    at java.net.URLClassLoader.findClass (URLClassLoader.java:362)
    at org.codehaus.plexus.classworlds.realm.ClassRealm.loadClassFromSelf (ClassRealm.java:425)
    at org.codehaus.plexus.classworlds.strategy.SelfFirstStrategy.loadClass (SelfFirstStrategy.java:42)
    at org.codehaus.plexus.classworlds.realm.ClassRealm.unsynchronizedLoadClass (ClassRealm.java:271)
    at org.codehaus.plexus.classworlds.realm.ClassRealm.loadClass (ClassRealm.java:247)
    at org.codehaus.plexus.classworlds.realm.ClassRealm.loadClass (ClassRealm.java:239)
    at java.lang.Class.getDeclaredConstructors0 (Native Method)
    at java.lang.Class.privateGetDeclaredConstructors (Class.java:2671)
    at java.lang.Class.getDeclaredConstructors (Class.java:2020)
    at com.google.inject.spi.InjectionPoint.forConstructorOf (InjectionPoint.java:245)
    at com.google.inject.internal.ConstructorBindingImpl.create (ConstructorBindingImpl.java:115)
    at com.google.inject.internal.InjectorImpl.createUninitializedBinding (InjectorImpl.java:706)
    at com.google.inject.internal.InjectorImpl.createJustInTimeBinding (InjectorImpl.java:930)
    at com.google.inject.internal.InjectorImpl.createJustInTimeBindingRecursive (InjectorImpl.java:852)
    at com.google.inject.internal.InjectorImpl.getJustInTimeBinding (InjectorImpl.java:291)
    at com.google.inject.internal.InjectorImpl.getBindingOrThrow (InjectorImpl.java:222)
    at com.google.inject.internal.InjectorImpl.getProviderOrThrow (InjectorImpl.java:1040)
    at com.google.inject.internal.InjectorImpl.getProvider (InjectorImpl.java:1071)
    at com.google.inject.internal.InjectorImpl.getProvider (InjectorImpl.java:1034)
    at com.google.inject.internal.InjectorImpl.getInstance (InjectorImpl.java:1086)
    at org.eclipse.sisu.space.AbstractDeferredClass.get (AbstractDeferredClass.java:48)
    at com.google.inject.internal.ProviderInternalFactory.provision (ProviderInternalFactory.java:85)
    at com.google.inject.internal.InternalFactoryToInitializableAdapter.provision (InternalFactoryToInitializableAdapter.java:57)
    at com.google.inject.internal.ProviderInternalFactory$1.call (ProviderInternalFactory.java:66)
    at com.google.inject.internal.ProvisionListenerStackCallback$Provision.provision (ProvisionListenerStackCallback.java:112)
    at com.google.inject.internal.ProvisionListenerStackCallback$Provision.provision (ProvisionListenerStackCallback.java:127)
    at com.google.inject.internal.ProvisionListenerStackCallback.provision (ProvisionListenerStackCallback.java:66)
    at com.google.inject.internal.ProviderInternalFactory.circularGet (ProviderInternalFactory.java:61)
    at com.google.inject.internal.InternalFactoryToInitializableAdapter.get (InternalFactoryToInitializableAdapter.java:47)
    at com.google.inject.internal.InjectorImpl$1.get (InjectorImpl.java:1050)
    at org.eclipse.sisu.inject.Guice4$1.get (Guice4.java:162)
    at org.eclipse.sisu.inject.LazyBeanEntry.getValue (LazyBeanEntry.java:81)
    at org.eclipse.sisu.plexus.LazyPlexusBean.getValue (LazyPlexusBean.java:51)
    at org.codehaus.plexus.DefaultPlexusContainer.lookup (DefaultPlexusContainer.java:263)
    at org.codehaus.plexus.DefaultPlexusContainer.lookup (DefaultPlexusContainer.java:255)
    at org.apache.maven.plugin.internal.DefaultMavenPluginManager.getConfiguredMojo (DefaultMavenPluginManager.java:520)
    at org.apache.maven.plugin.DefaultBuildPluginManager.executeMojo (DefaultBuildPluginManager.java:124)
    at org.apache.maven.lifecycle.internal.MojoExecutor.doExecute2 (MojoExecutor.java:370)
    at org.apache.maven.lifecycle.internal.MojoExecutor.doExecute (MojoExecutor.java:351)
    at org.apache.maven.lifecycle.internal.MojoExecutor.execute (MojoExecutor.java:215)
    at org.apache.maven.lifecycle.internal.MojoExecutor.execute (MojoExecutor.java:171)
    at org.apache.maven.lifecycle.internal.MojoExecutor.execute (MojoExecutor.java:163)
    at org.apache.maven.lifecycle.internal.LifecycleModuleBuilder.buildProject (LifecycleModuleBuilder.java:117)
    at org.apache.maven.lifecycle.internal.LifecycleModuleBuilder.buildProject (LifecycleModuleBuilder.java:81)
    at org.apache.maven.lifecycle.internal.builder.singlethreaded.SingleThreadedBuilder.build (SingleThreadedBuilder.java:56)
    at org.apache.maven.lifecycle.internal.LifecycleStarter.execute (LifecycleStarter.java:128)
    at org.apache.maven.DefaultMaven.doExecute (DefaultMaven.java:294)
    at org.apache.maven.DefaultMaven.doExecute (DefaultMaven.java:192)
    at org.apache.maven.DefaultMaven.execute (DefaultMaven.java:105)
    at org.apache.maven.cli.MavenCli.execute (MavenCli.java:960)
    at org.apache.maven.cli.MavenCli.doMain (MavenCli.java:293)
    at org.apache.maven.cli.MavenCli.main (MavenCli.java:196)
    at sun.reflect.NativeMethodAccessorImpl.invoke0 (Native Method)
    at sun.reflect.NativeMethodAccessorImpl.invoke (NativeMethodAccessorImpl.java:62)
    at sun.reflect.DelegatingMethodAccessorImpl.invoke (DelegatingMethodAccessorImpl.java:43)
    at java.lang.reflect.Method.invoke (Method.java:498)
    at org.codehaus.plexus.classworlds.launcher.Launcher.launchEnhanced (Launcher.java:282)
    at org.codehaus.plexus.classworlds.launcher.Launcher.launch (Launcher.java:225)
    at org.codehaus.plexus.classworlds.launcher.Launcher.mainWithExitCode (Launcher.java:406)
    at org.codehaus.plexus.classworlds.launcher.Launcher.main (Launcher.java:347)
[INFO] ------------------------------------------------------------------------
[INFO] Reactor Summary for Elide: Parent Pom 7.0.1-SNAPSHOT:
[INFO] 
[INFO] Elide: Parent Pom .................................. SUCCESS [  1.520 s]
[INFO] Elide: Core ........................................ FAILURE [  0.748 s]
[INFO] ------------------------------------------------------------------------
[INFO] BUILD FAILURE
[INFO] ------------------------------------------------------------------------
[INFO] Total time:  2.788 s
[INFO] Finished at: 2025-08-04T16:13:22Z
[INFO] ------------------------------------------------------------------------
[ERROR] Failed to execute goal org.apache.maven.plugins:maven-checkstyle-plugin:3.2.1:check (validate) on project elide-core: Execution validate of goal org.apache.maven.plugins:maven-checkstyle-plugin:3.2.1:check failed: An API incompatibility was encountered while executing org.apache.maven.plugins:maven-checkstyle-plugin:3.2.1:check: java.lang.UnsupportedClassVersionError: com/puppycrawl/tools/checkstyle/api/AuditListener has been compiled by a more recent version of the Java Runtime (class file version 55.0), this version of the Java Runtime only recognizes class file versions up to 52.0
[ERROR] -----------------------------------------------------
[ERROR] realm =    plugin>org.apache.maven.plugins:maven-checkstyle-plugin:3.2.1
[ERROR] strategy = org.codehaus.plexus.classworlds.strategy.SelfFirstStrategy
[ERROR] urls[0] = file:/root/.m2/repository/org/apache/maven/plugins/maven-checkstyle-plugin/3.2.1/maven-checkstyle-plugin-3.2.1.jar
[ERROR] urls[1] = file:/root/.m2/repository/com/puppycrawl/tools/checkstyle/10.12.4/checkstyle-10.12.4.jar
[ERROR] urls[2] = file:/root/.m2/repository/info/picocli/picocli/4.7.5/picocli-4.7.5.jar
[ERROR] urls[3] = file:/root/.m2/repository/org/antlr/antlr4-runtime/4.13.1/antlr4-runtime-4.13.1.jar
[ERROR] urls[4] = file:/root/.m2/repository/commons-beanutils/commons-beanutils/1.9.4/commons-beanutils-1.9.4.jar
[ERROR] urls[5] = file:/root/.m2/repository/commons-logging/commons-logging/1.2/commons-logging-1.2.jar
[ERROR] urls[6] = file:/root/.m2/repository/com/google/guava/guava/32.0.1-jre/guava-32.0.1-jre.jar
[ERROR] urls[7] = file:/root/.m2/repository/com/google/guava/failureaccess/1.0.1/failureaccess-1.0.1.jar
[ERROR] urls[8] = file:/root/.m2/repository/com/google/guava/listenablefuture/9999.0-empty-to-avoid-conflict-with-guava/listenablefuture-9999.0-empty-to-avoid-conflict-with-guava.jar
[ERROR] urls[9] = file:/root/.m2/repository/com/google/code/findbugs/jsr305/3.0.2/jsr305-3.0.2.jar
[ERROR] urls[10] = file:/root/.m2/repository/com/google/errorprone/error_prone_annotations/2.18.0/error_prone_annotations-2.18.0.jar
[ERROR] urls[11] = file:/root/.m2/repository/com/google/j2objc/j2objc-annotations/2.8/j2objc-annotations-2.8.jar
[ERROR] urls[12] = file:/root/.m2/repository/org/reflections/reflections/0.10.2/reflections-0.10.2.jar
[ERROR] urls[13] = file:/root/.m2/repository/org/javassist/javassist/3.28.0-GA/javassist-3.28.0-GA.jar
[ERROR] urls[14] = file:/root/.m2/repository/net/sf/saxon/Saxon-HE/12.3/Saxon-HE-12.3.jar
[ERROR] urls[15] = file:/root/.m2/repository/org/xmlresolver/xmlresolver/5.2.0/xmlresolver-5.2.0.jar
[ERROR] urls[16] = file:/root/.m2/repository/org/apache/httpcomponents/client5/httpclient5/5.1.3/httpclient5-5.1.3.jar
[ERROR] urls[17] = file:/root/.m2/repository/org/apache/httpcomponents/core5/httpcore5-h2/5.1.3/httpcore5-h2-5.1.3.jar
[ERROR] urls[18] = file:/root/.m2/repository/org/apache/httpcomponents/core5/httpcore5/5.1.3/httpcore5-5.1.3.jar
[ERROR] urls[19] = file:/root/.m2/repository/org/xmlresolver/xmlresolver/5.2.0/xmlresolver-5.2.0-data.jar
[ERROR] urls[20] = file:/root/.m2/repository/org/checkerframework/checker-qual/3.27.0/checker-qual-3.27.0.jar
[ERROR] urls[21] = file:/root/.m2/repository/org/apache/maven/doxia/doxia-module-xdoc/1.12.0/doxia-module-xdoc-1.12.0.jar
[ERROR] urls[22] = file:/root/.m2/repository/org/apache/maven/reporting/maven-reporting-api/3.1.1/maven-reporting-api-3.1.1.jar
[ERROR] urls[23] = file:/root/.m2/repository/org/apache/maven/reporting/maven-reporting-impl/3.2.0/maven-reporting-impl-3.2.0.jar
[ERROR] urls[24] = file:/root/.m2/repository/org/eclipse/aether/aether-util/0.9.0.M2/aether-util-0.9.0.M2.jar
[ERROR] urls[25] = file:/root/.m2/repository/javax/enterprise/cdi-api/1.2/cdi-api-1.2.jar
[ERROR] urls[26] = file:/root/.m2/repository/org/eclipse/sisu/org.eclipse.sisu.inject/0.3.5/org.eclipse.sisu.inject-0.3.5.jar
[ERROR] urls[27] = file:/root/.m2/repository/org/sonatype/plexus/plexus-sec-dispatcher/1.3/plexus-sec-dispatcher-1.3.jar
[ERROR] urls[28] = file:/root/.m2/repository/org/sonatype/plexus/plexus-cipher/1.4/plexus-cipher-1.4.jar
[ERROR] urls[29] = file:/root/.m2/repository/org/apache/maven/shared/maven-shared-utils/3.3.4/maven-shared-utils-3.3.4.jar
[ERROR] urls[30] = file:/root/.m2/repository/org/apache/maven/doxia/doxia-decoration-model/1.11.1/doxia-decoration-model-1.11.1.jar
[ERROR] urls[31] = file:/root/.m2/repository/org/apache/maven/doxia/doxia-site-renderer/1.11.1/doxia-site-renderer-1.11.1.jar
[ERROR] urls[32] = file:/root/.m2/repository/org/apache/maven/doxia/doxia-skin-model/1.11.1/doxia-skin-model-1.11.1.jar
[ERROR] urls[33] = file:/root/.m2/repository/org/apache/maven/doxia/doxia-module-xhtml/1.11.1/doxia-module-xhtml-1.11.1.jar
[ERROR] urls[34] = file:/root/.m2/repository/org/apache/maven/doxia/doxia-module-xhtml5/1.11.1/doxia-module-xhtml5-1.11.1.jar
[ERROR] urls[35] = file:/root/.m2/repository/org/apache/velocity/velocity-tools/2.0/velocity-tools-2.0.jar
[ERROR] urls[36] = file:/root/.m2/repository/commons-digester/commons-digester/1.8/commons-digester-1.8.jar
[ERROR] urls[37] = file:/root/.m2/repository/commons-chain/commons-chain/1.1/commons-chain-1.1.jar
[ERROR] urls[38] = file:/root/.m2/repository/dom4j/dom4j/1.1/dom4j-1.1.jar
[ERROR] urls[39] = file:/root/.m2/repository/oro/oro/2.0.8/oro-2.0.8.jar
[ERROR] urls[40] = file:/root/.m2/repository/org/apache/maven/doxia/doxia-sink-api/1.11.1/doxia-sink-api-1.11.1.jar
[ERROR] urls[41] = file:/root/.m2/repository/org/apache/maven/doxia/doxia-logging-api/1.11.1/doxia-logging-api-1.11.1.jar
[ERROR] urls[42] = file:/root/.m2/repository/org/apache/maven/doxia/doxia-core/1.11.1/doxia-core-1.11.1.jar
[ERROR] urls[43] = file:/root/.m2/repository/org/apache/xbean/xbean-reflect/3.7/xbean-reflect-3.7.jar
[ERROR] urls[44] = file:/root/.m2/repository/com/google/collections/google-collections/1.0/google-collections-1.0.jar
[ERROR] urls[45] = file:/root/.m2/repository/org/apache/commons/commons-lang3/3.8.1/commons-lang3-3.8.1.jar
[ERROR] urls[46] = file:/root/.m2/repository/org/apache/commons/commons-text/1.3/commons-text-1.3.jar
[ERROR] urls[47] = file:/root/.m2/repository/org/apache/httpcomponents/httpclient/4.5.13/httpclient-4.5.13.jar
[ERROR] urls[48] = file:/root/.m2/repository/commons-codec/commons-codec/1.11/commons-codec-1.11.jar
[ERROR] urls[49] = file:/root/.m2/repository/org/apache/httpcomponents/httpcore/4.4.14/httpcore-4.4.14.jar
[ERROR] urls[50] = file:/root/.m2/repository/org/apache/maven/doxia/doxia-integration-tools/1.11.1/doxia-integration-tools-1.11.1.jar
[ERROR] urls[51] = file:/root/.m2/repository/commons-io/commons-io/2.6/commons-io-2.6.jar
[ERROR] urls[52] = file:/root/.m2/repository/org/codehaus/plexus/plexus-i18n/1.0-beta-10/plexus-i18n-1.0-beta-10.jar
[ERROR] urls[53] = file:/root/.m2/repository/org/codehaus/plexus/plexus-interpolation/1.26/plexus-interpolation-1.26.jar
[ERROR] urls[54] = file:/root/.m2/repository/org/codehaus/plexus/plexus-component-annotations/2.1.1/plexus-component-annotations-2.1.1.jar
[ERROR] urls[55] = file:/root/.m2/repository/org/codehaus/plexus/plexus-resources/1.1.0/plexus-resources-1.1.0.jar
[ERROR] urls[56] = file:/root/.m2/repository/org/codehaus/plexus/plexus-utils/3.4.2/plexus-utils-3.4.2.jar
[ERROR] urls[57] = file:/root/.m2/repository/org/codehaus/plexus/plexus-velocity/1.2/plexus-velocity-1.2.jar
[ERROR] urls[58] = file:/root/.m2/repository/commons-collections/commons-collections/3.1/commons-collections-3.1.jar
[ERROR] urls[59] = file:/root/.m2/repository/org/apache/velocity/velocity/1.7/velocity-1.7.jar
[ERROR] urls[60] = file:/root/.m2/repository/commons-lang/commons-lang/2.4/commons-lang-2.4.jar
[ERROR] Number of foreign imports: 1
[ERROR] import: Entry[import  from realm ClassRealm[project>com.yahoo.elide:elide-parent-pom:7.0.1-SNAPSHOT, parent: ClassRealm[maven.api, parent: null]]]
[ERROR] 
[ERROR] -----------------------------------------------------
[ERROR] 
[ERROR] -> [Help 1]
[ERROR] 
[ERROR] To see the full stack trace of the errors, re-run Maven with the -e switch.
[ERROR] Re-run Maven using the -X switch to enable full debug logging.
[ERROR] 
[ERROR] For more information about the errors and possible solutions, please read the following articles:
[ERROR] [Help 1] http://cwiki.apache.org/confluence/display/MAVEN/PluginContainerException
[ERROR] 
[ERROR] After correcting the problems, you can resume the build with the command
[ERROR]   mvn <args> -rf :elide-core
Failed with Java at /usr/local/openjdk-8
Trying Java version: openjdk version "11.0.28" 2025-07-15
testing Step 1
[INFO] Scanning for projects...
[WARNING] 
[WARNING] Some problems were encountered while building the effective model for com.yahoo.elide:elide-integration-tests:jar:7.0.1-SNAPSHOT
[WARNING] 'build.plugins.plugin.version' for org.owasp:dependency-check-maven is missing. @ line 197, column 21
[WARNING] 
[WARNING] Some problems were encountered while building the effective model for com.yahoo.elide:elide-model-config:jar:7.0.1-SNAPSHOT
[WARNING] 'build.plugins.plugin.version' for org.codehaus.mojo:build-helper-maven-plugin is missing. @ line 154, column 21
[WARNING] 
[WARNING] Some problems were encountered while building the effective model for com.yahoo.elide:elide-swagger:jar:7.0.1-SNAPSHOT
[WARNING] 'build.plugins.plugin.version' for org.codehaus.mojo:build-helper-maven-plugin is missing. @ line 108, column 21
[WARNING] 
[WARNING] Some problems were encountered while building the effective model for com.yahoo.elide:elide-test-helpers:jar:7.0.1-SNAPSHOT
[WARNING] 'build.plugins.plugin.version' for org.codehaus.mojo:build-helper-maven-plugin is missing. @ line 77, column 21
[WARNING] 
[WARNING] It is highly recommended to fix these problems because they threaten the stability of your build.
[WARNING] 
[WARNING] For this reason, future Maven versions might no longer support building such malformed projects.
[WARNING] 
[WARNING] The project com.yahoo.elide:elide-parent-pom:pom:7.0.1-SNAPSHOT uses prerequisites which is only intended for maven-plugin projects but not for non maven-plugin projects. For such purposes you should use the maven-enforcer-plugin. See https://maven.apache.org/enforcer/enforcer-rules/requireMavenVersion.html
[INFO] ------------------------------------------------------------------------
[INFO] Reactor Build Order:
[INFO] 
[INFO] Elide: Parent Pom                                                  [pom]
[INFO] Elide: Core                                                        [jar]
[INFO] 
[INFO] ------------------< com.yahoo.elide:elide-parent-pom >------------------
[INFO] Building Elide: Parent Pom 7.0.1-SNAPSHOT                          [1/2]
[INFO] --------------------------------[ pom ]---------------------------------
[INFO] 
[INFO] --- maven-clean-plugin:2.5:clean (default-clean) @ elide-parent-pom ---
[INFO] 
[INFO] --- maven-enforcer-plugin:3.4.0:enforce (enforce-java) @ elide-parent-pom ---
[INFO] Skipping Rule Enforcement.
[INFO] 
[INFO] --- jacoco-maven-plugin:0.8.10:prepare-agent (default-prepare-agent) @ elide-parent-pom ---
[INFO] argLine set to -javaagent:/root/.m2/repository/org/jacoco/org.jacoco.agent/0.8.10/org.jacoco.agent-0.8.10-runtime.jar=destfile=/workspace/target-project/target/jacoco.exec
[INFO] 
[INFO] --- lombok-maven-plugin:1.18.20.0:delombok (default) @ elide-parent-pom ---
[WARNING] Skipping Delombok; no source to process.
[INFO] 
[INFO] >>> maven-source-plugin:3.3.0:jar (attach-sources) > generate-sources @ elide-parent-pom >>>
[INFO] 
[INFO] --- maven-enforcer-plugin:3.4.0:enforce (enforce-java) @ elide-parent-pom ---
[INFO] Skipping Rule Enforcement.
[INFO] 
[INFO] --- jacoco-maven-plugin:0.8.10:prepare-agent (default-prepare-agent) @ elide-parent-pom ---
[INFO] argLine set to -javaagent:/root/.m2/repository/org/jacoco/org.jacoco.agent/0.8.10/org.jacoco.agent-0.8.10-runtime.jar=destfile=/workspace/target-project/target/jacoco.exec
[INFO] 
[INFO] --- lombok-maven-plugin:1.18.20.0:delombok (default) @ elide-parent-pom ---
[WARNING] Skipping Delombok; no source to process.
[INFO] 
[INFO] <<< maven-source-plugin:3.3.0:jar (attach-sources) < generate-sources @ elide-parent-pom <<<
[INFO] 
[INFO] 
[INFO] --- maven-source-plugin:3.3.0:jar (attach-sources) @ elide-parent-pom ---
[INFO] 
[INFO] --- maven-javadoc-plugin:3.5.0:jar (attach-javadocs) @ elide-parent-pom ---
[INFO] Skipping javadoc generation
[INFO] 
[INFO] --- jacoco-maven-plugin:0.8.10:prepare-agent-integration (default-prepare-agent-integration) @ elide-parent-pom ---
[INFO] argLine set to -javaagent:/root/.m2/repository/org/jacoco/org.jacoco.agent/0.8.10/org.jacoco.agent-0.8.10-runtime.jar=destfile=/workspace/target-project/target/jacoco-it.exec
[INFO] 
[INFO] --- jacoco-maven-plugin:0.8.10:report (default-report) @ elide-parent-pom ---
[INFO] Skipping JaCoCo execution due to missing execution data file.
[INFO] 
[INFO] --- jacoco-maven-plugin:0.8.10:report-integration (default-report-integration) @ elide-parent-pom ---
[INFO] Skipping JaCoCo execution due to missing execution data file.
[INFO] 
[INFO] --- jacoco-maven-plugin:0.8.10:check (default-check) @ elide-parent-pom ---
[INFO] Skipping JaCoCo execution due to missing execution data file:/workspace/target-project/target/jacoco.exec
[INFO] 
[INFO] --- maven-install-plugin:2.4:install (default-install) @ elide-parent-pom ---
[INFO] Installing /workspace/target-project/pom.xml to /root/.m2/repository/com/yahoo/elide/elide-parent-pom/7.0.1-SNAPSHOT/elide-parent-pom-7.0.1-SNAPSHOT.pom
[INFO] 
[INFO] ---------------------< com.yahoo.elide:elide-core >---------------------
[INFO] Building Elide: Core 7.0.1-SNAPSHOT                                [2/2]
[INFO] --------------------------------[ jar ]---------------------------------
[INFO] 
[INFO] --- maven-clean-plugin:2.5:clean (default-clean) @ elide-core ---
[INFO] 
[INFO] --- maven-enforcer-plugin:3.4.0:enforce (enforce-java) @ elide-core ---
[INFO] Skipping Rule Enforcement.
[INFO] 
[INFO] --- maven-checkstyle-plugin:3.2.1:check (validate) @ elide-core ---
[WARNING] Error injecting: org.apache.maven.plugins.checkstyle.CheckstyleViolationCheckMojo
java.lang.UnsupportedClassVersionError: com/puppycrawl/tools/checkstyle/api/AuditListener has been compiled by a more recent version of the Java Runtime (class file version 55.0), this version of the Java Runtime only recognizes class file versions up to 52.0
    at java.lang.ClassLoader.defineClass1 (Native Method)
    at java.lang.ClassLoader.defineClass (ClassLoader.java:756)
    at java.security.SecureClassLoader.defineClass (SecureClassLoader.java:142)
    at java.net.URLClassLoader.defineClass (URLClassLoader.java:473)
    at java.net.URLClassLoader.access$100 (URLClassLoader.java:74)
    at java.net.URLClassLoader$1.run (URLClassLoader.java:369)
    at java.net.URLClassLoader$1.run (URLClassLoader.java:363)
    at java.security.AccessController.doPrivileged (Native Method)
    at java.net.URLClassLoader.findClass (URLClassLoader.java:362)
    at org.codehaus.plexus.classworlds.realm.ClassRealm.loadClassFromSelf (ClassRealm.java:425)
    at org.codehaus.plexus.classworlds.strategy.SelfFirstStrategy.loadClass (SelfFirstStrategy.java:42)
    at org.codehaus.plexus.classworlds.realm.ClassRealm.unsynchronizedLoadClass (ClassRealm.java:271)
    at org.codehaus.plexus.classworlds.realm.ClassRealm.loadClass (ClassRealm.java:247)
    at org.codehaus.plexus.classworlds.realm.ClassRealm.loadClass (ClassRealm.java:239)
    at java.lang.Class.getDeclaredConstructors0 (Native Method)
    at java.lang.Class.privateGetDeclaredConstructors (Class.java:2671)
    at java.lang.Class.getDeclaredConstructors (Class.java:2020)
    at com.google.inject.spi.InjectionPoint.forConstructorOf (InjectionPoint.java:245)
    at com.google.inject.internal.ConstructorBindingImpl.create (ConstructorBindingImpl.java:115)
    at com.google.inject.internal.InjectorImpl.createUninitializedBinding (InjectorImpl.java:706)
    at com.google.inject.internal.InjectorImpl.createJustInTimeBinding (InjectorImpl.java:930)
    at com.google.inject.internal.InjectorImpl.createJustInTimeBindingRecursive (InjectorImpl.java:852)
    at com.google.inject.internal.InjectorImpl.getJustInTimeBinding (InjectorImpl.java:291)
    at com.google.inject.internal.InjectorImpl.getBindingOrThrow (InjectorImpl.java:222)
    at com.google.inject.internal.InjectorImpl.getProviderOrThrow (InjectorImpl.java:1040)
    at com.google.inject.internal.InjectorImpl.getProvider (InjectorImpl.java:1071)
    at com.google.inject.internal.InjectorImpl.getProvider (InjectorImpl.java:1034)
    at com.google.inject.internal.InjectorImpl.getInstance (InjectorImpl.java:1086)
    at org.eclipse.sisu.space.AbstractDeferredClass.get (AbstractDeferredClass.java:48)
    at com.google.inject.internal.ProviderInternalFactory.provision (ProviderInternalFactory.java:85)
    at com.google.inject.internal.InternalFactoryToInitializableAdapter.provision (InternalFactoryToInitializableAdapter.java:57)
    at com.google.inject.internal.ProviderInternalFactory$1.call (ProviderInternalFactory.java:66)
    at com.google.inject.internal.ProvisionListenerStackCallback$Provision.provision (ProvisionListenerStackCallback.java:112)
    at com.google.inject.internal.ProvisionListenerStackCallback$Provision.provision (ProvisionListenerStackCallback.java:127)
    at com.google.inject.internal.ProvisionListenerStackCallback.provision (ProvisionListenerStackCallback.java:66)
    at com.google.inject.internal.ProviderInternalFactory.circularGet (ProviderInternalFactory.java:61)
    at com.google.inject.internal.InternalFactoryToInitializableAdapter.get (InternalFactoryToInitializableAdapter.java:47)
    at com.google.inject.internal.InjectorImpl$1.get (InjectorImpl.java:1050)
    at org.eclipse.sisu.inject.Guice4$1.get (Guice4.java:162)
    at org.eclipse.sisu.inject.LazyBeanEntry.getValue (LazyBeanEntry.java:81)
    at org.eclipse.sisu.plexus.LazyPlexusBean.getValue (LazyPlexusBean.java:51)
    at org.codehaus.plexus.DefaultPlexusContainer.lookup (DefaultPlexusContainer.java:263)
    at org.codehaus.plexus.DefaultPlexusContainer.lookup (DefaultPlexusContainer.java:255)
    at org.apache.maven.plugin.internal.DefaultMavenPluginManager.getConfiguredMojo (DefaultMavenPluginManager.java:520)
    at org.apache.maven.plugin.DefaultBuildPluginManager.executeMojo (DefaultBuildPluginManager.java:124)
    at org.apache.maven.lifecycle.internal.MojoExecutor.doExecute2 (MojoExecutor.java:370)
    at org.apache.maven.lifecycle.internal.MojoExecutor.doExecute (MojoExecutor.java:351)
    at org.apache.maven.lifecycle.internal.MojoExecutor.execute (MojoExecutor.java:215)
    at org.apache.maven.lifecycle.internal.MojoExecutor.execute (MojoExecutor.java:171)
    at org.apache.maven.lifecycle.internal.MojoExecutor.execute (MojoExecutor.java:163)
    at org.apache.maven.lifecycle.internal.LifecycleModuleBuilder.buildProject (LifecycleModuleBuilder.java:117)
    at org.apache.maven.lifecycle.internal.LifecycleModuleBuilder.buildProject (LifecycleModuleBuilder.java:81)
    at org.apache.maven.lifecycle.internal.builder.singlethreaded.SingleThreadedBuilder.build (SingleThreadedBuilder.java:56)
    at org.apache.maven.lifecycle.internal.LifecycleStarter.execute (LifecycleStarter.java:128)
    at org.apache.maven.DefaultMaven.doExecute (DefaultMaven.java:294)
    at org.apache.maven.DefaultMaven.doExecute (DefaultMaven.java:192)
    at org.apache.maven.DefaultMaven.execute (DefaultMaven.java:105)
    at org.apache.maven.cli.MavenCli.execute (MavenCli.java:960)
    at org.apache.maven.cli.MavenCli.doMain (MavenCli.java:293)
    at org.apache.maven.cli.MavenCli.main (MavenCli.java:196)
    at sun.reflect.NativeMethodAccessorImpl.invoke0 (Native Method)
    at sun.reflect.NativeMethodAccessorImpl.invoke (NativeMethodAccessorImpl.java:62)
    at sun.reflect.DelegatingMethodAccessorImpl.invoke (DelegatingMethodAccessorImpl.java:43)
    at java.lang.reflect.Method.invoke (Method.java:498)
    at org.codehaus.plexus.classworlds.launcher.Launcher.launchEnhanced (Launcher.java:282)
    at org.codehaus.plexus.classworlds.launcher.Launcher.launch (Launcher.java:225)
    at org.codehaus.plexus.classworlds.launcher.Launcher.mainWithExitCode (Launcher.java:406)
    at org.codehaus.plexus.classworlds.launcher.Launcher.main (Launcher.java:347)
[INFO] ------------------------------------------------------------------------
[INFO] Reactor Summary for Elide: Parent Pom 7.0.1-SNAPSHOT:
[INFO] 
[INFO] Elide: Parent Pom .................................. SUCCESS [  1.309 s]
[INFO] Elide: Core ........................................ FAILURE [  0.521 s]
[INFO] ------------------------------------------------------------------------
[INFO] BUILD FAILURE
[INFO] ------------------------------------------------------------------------
[INFO] Total time:  2.305 s
[INFO] Finished at: 2025-08-04T16:13:26Z
[INFO] ------------------------------------------------------------------------
[ERROR] Failed to execute goal org.apache.maven.plugins:maven-checkstyle-plugin:3.2.1:check (validate) on project elide-core: Execution validate of goal org.apache.maven.plugins:maven-checkstyle-plugin:3.2.1:check failed: An API incompatibility was encountered while executing org.apache.maven.plugins:maven-checkstyle-plugin:3.2.1:check: java.lang.UnsupportedClassVersionError: com/puppycrawl/tools/checkstyle/api/AuditListener has been compiled by a more recent version of the Java Runtime (class file version 55.0), this version of the Java Runtime only recognizes class file versions up to 52.0
[ERROR] -----------------------------------------------------
[ERROR] realm =    plugin>org.apache.maven.plugins:maven-checkstyle-plugin:3.2.1
[ERROR] strategy = org.codehaus.plexus.classworlds.strategy.SelfFirstStrategy
[ERROR] urls[0] = file:/root/.m2/repository/org/apache/maven/plugins/maven-checkstyle-plugin/3.2.1/maven-checkstyle-plugin-3.2.1.jar
[ERROR] urls[1] = file:/root/.m2/repository/com/puppycrawl/tools/checkstyle/10.12.4/checkstyle-10.12.4.jar
[ERROR] urls[2] = file:/root/.m2/repository/info/picocli/picocli/4.7.5/picocli-4.7.5.jar
[ERROR] urls[3] = file:/root/.m2/repository/org/antlr/antlr4-runtime/4.13.1/antlr4-runtime-4.13.1.jar
[ERROR] urls[4] = file:/root/.m2/repository/commons-beanutils/commons-beanutils/1.9.4/commons-beanutils-1.9.4.jar
[ERROR] urls[5] = file:/root/.m2/repository/commons-logging/commons-logging/1.2/commons-logging-1.2.jar
[ERROR] urls[6] = file:/root/.m2/repository/com/google/guava/guava/32.0.1-jre/guava-32.0.1-jre.jar
[ERROR] urls[7] = file:/root/.m2/repository/com/google/guava/failureaccess/1.0.1/failureaccess-1.0.1.jar
[ERROR] urls[8] = file:/root/.m2/repository/com/google/guava/listenablefuture/9999.0-empty-to-avoid-conflict-with-guava/listenablefuture-9999.0-empty-to-avoid-conflict-with-guava.jar
[ERROR] urls[9] = file:/root/.m2/repository/com/google/code/findbugs/jsr305/3.0.2/jsr305-3.0.2.jar
[ERROR] urls[10] = file:/root/.m2/repository/com/google/errorprone/error_prone_annotations/2.18.0/error_prone_annotations-2.18.0.jar
[ERROR] urls[11] = file:/root/.m2/repository/com/google/j2objc/j2objc-annotations/2.8/j2objc-annotations-2.8.jar
[ERROR] urls[12] = file:/root/.m2/repository/org/reflections/reflections/0.10.2/reflections-0.10.2.jar
[ERROR] urls[13] = file:/root/.m2/repository/org/javassist/javassist/3.28.0-GA/javassist-3.28.0-GA.jar
[ERROR] urls[14] = file:/root/.m2/repository/net/sf/saxon/Saxon-HE/12.3/Saxon-HE-12.3.jar
[ERROR] urls[15] = file:/root/.m2/repository/org/xmlresolver/xmlresolver/5.2.0/xmlresolver-5.2.0.jar
[ERROR] urls[16] = file:/root/.m2/repository/org/apache/httpcomponents/client5/httpclient5/5.1.3/httpclient5-5.1.3.jar
[ERROR] urls[17] = file:/root/.m2/repository/org/apache/httpcomponents/core5/httpcore5-h2/5.1.3/httpcore5-h2-5.1.3.jar
[ERROR] urls[18] = file:/root/.m2/repository/org/apache/httpcomponents/core5/httpcore5/5.1.3/httpcore5-5.1.3.jar
[ERROR] urls[19] = file:/root/.m2/repository/org/xmlresolver/xmlresolver/5.2.0/xmlresolver-5.2.0-data.jar
[ERROR] urls[20] = file:/root/.m2/repository/org/checkerframework/checker-qual/3.27.0/checker-qual-3.27.0.jar
[ERROR] urls[21] = file:/root/.m2/repository/org/apache/maven/doxia/doxia-module-xdoc/1.12.0/doxia-module-xdoc-1.12.0.jar
[ERROR] urls[22] = file:/root/.m2/repository/org/apache/maven/reporting/maven-reporting-api/3.1.1/maven-reporting-api-3.1.1.jar
[ERROR] urls[23] = file:/root/.m2/repository/org/apache/maven/reporting/maven-reporting-impl/3.2.0/maven-reporting-impl-3.2.0.jar
[ERROR] urls[24] = file:/root/.m2/repository/org/eclipse/aether/aether-util/0.9.0.M2/aether-util-0.9.0.M2.jar
[ERROR] urls[25] = file:/root/.m2/repository/javax/enterprise/cdi-api/1.2/cdi-api-1.2.jar
[ERROR] urls[26] = file:/root/.m2/repository/org/eclipse/sisu/org.eclipse.sisu.inject/0.3.5/org.eclipse.sisu.inject-0.3.5.jar
[ERROR] urls[27] = file:/root/.m2/repository/org/sonatype/plexus/plexus-sec-dispatcher/1.3/plexus-sec-dispatcher-1.3.jar
[ERROR] urls[28] = file:/root/.m2/repository/org/sonatype/plexus/plexus-cipher/1.4/plexus-cipher-1.4.jar
[ERROR] urls[29] = file:/root/.m2/repository/org/apache/maven/shared/maven-shared-utils/3.3.4/maven-shared-utils-3.3.4.jar
[ERROR] urls[30] = file:/root/.m2/repository/org/apache/maven/doxia/doxia-decoration-model/1.11.1/doxia-decoration-model-1.11.1.jar
[ERROR] urls[31] = file:/root/.m2/repository/org/apache/maven/doxia/doxia-site-renderer/1.11.1/doxia-site-renderer-1.11.1.jar
[ERROR] urls[32] = file:/root/.m2/repository/org/apache/maven/doxia/doxia-skin-model/1.11.1/doxia-skin-model-1.11.1.jar
[ERROR] urls[33] = file:/root/.m2/repository/org/apache/maven/doxia/doxia-module-xhtml/1.11.1/doxia-module-xhtml-1.11.1.jar
[ERROR] urls[34] = file:/root/.m2/repository/org/apache/maven/doxia/doxia-module-xhtml5/1.11.1/doxia-module-xhtml5-1.11.1.jar
[ERROR] urls[35] = file:/root/.m2/repository/org/apache/velocity/velocity-tools/2.0/velocity-tools-2.0.jar
[ERROR] urls[36] = file:/root/.m2/repository/commons-digester/commons-digester/1.8/commons-digester-1.8.jar
[ERROR] urls[37] = file:/root/.m2/repository/commons-chain/commons-chain/1.1/commons-chain-1.1.jar
[ERROR] urls[38] = file:/root/.m2/repository/dom4j/dom4j/1.1/dom4j-1.1.jar
[ERROR] urls[39] = file:/root/.m2/repository/oro/oro/2.0.8/oro-2.0.8.jar
[ERROR] urls[40] = file:/root/.m2/repository/org/apache/maven/doxia/doxia-sink-api/1.11.1/doxia-sink-api-1.11.1.jar
[ERROR] urls[41] = file:/root/.m2/repository/org/apache/maven/doxia/doxia-logging-api/1.11.1/doxia-logging-api-1.11.1.jar
[ERROR] urls[42] = file:/root/.m2/repository/org/apache/maven/doxia/doxia-core/1.11.1/doxia-core-1.11.1.jar
[ERROR] urls[43] = file:/root/.m2/repository/org/apache/xbean/xbean-reflect/3.7/xbean-reflect-3.7.jar
[ERROR] urls[44] = file:/root/.m2/repository/com/google/collections/google-collections/1.0/google-collections-1.0.jar
[ERROR] urls[45] = file:/root/.m2/repository/org/apache/commons/commons-lang3/3.8.1/commons-lang3-3.8.1.jar
[ERROR] urls[46] = file:/root/.m2/repository/org/apache/commons/commons-text/1.3/commons-text-1.3.jar
[ERROR] urls[47] = file:/root/.m2/repository/org/apache/httpcomponents/httpclient/4.5.13/httpclient-4.5.13.jar
[ERROR] urls[48] = file:/root/.m2/repository/commons-codec/commons-codec/1.11/commons-codec-1.11.jar
[ERROR] urls[49] = file:/root/.m2/repository/org/apache/httpcomponents/httpcore/4.4.14/httpcore-4.4.14.jar
[ERROR] urls[50] = file:/root/.m2/repository/org/apache/maven/doxia/doxia-integration-tools/1.11.1/doxia-integration-tools-1.11.1.jar
[ERROR] urls[51] = file:/root/.m2/repository/commons-io/commons-io/2.6/commons-io-2.6.jar
[ERROR] urls[52] = file:/root/.m2/repository/org/codehaus/plexus/plexus-i18n/1.0-beta-10/plexus-i18n-1.0-beta-10.jar
[ERROR] urls[53] = file:/root/.m2/repository/org/codehaus/plexus/plexus-interpolation/1.26/plexus-interpolation-1.26.jar
[ERROR] urls[54] = file:/root/.m2/repository/org/codehaus/plexus/plexus-component-annotations/2.1.1/plexus-component-annotations-2.1.1.jar
[ERROR] urls[55] = file:/root/.m2/repository/org/codehaus/plexus/plexus-resources/1.1.0/plexus-resources-1.1.0.jar
[ERROR] urls[56] = file:/root/.m2/repository/org/codehaus/plexus/plexus-utils/3.4.2/plexus-utils-3.4.2.jar
[ERROR] urls[57] = file:/root/.m2/repository/org/codehaus/plexus/plexus-velocity/1.2/plexus-velocity-1.2.jar
[ERROR] urls[58] = file:/root/.m2/repository/commons-collections/commons-collections/3.1/commons-collections-3.1.jar
[ERROR] urls[59] = file:/root/.m2/repository/org/apache/velocity/velocity/1.7/velocity-1.7.jar
[ERROR] urls[60] = file:/root/.m2/repository/commons-lang/commons-lang/2.4/commons-lang-2.4.jar
[ERROR] Number of foreign imports: 1
[ERROR] import: Entry[import  from realm ClassRealm[project>com.yahoo.elide:elide-parent-pom:7.0.1-SNAPSHOT, parent: ClassRealm[maven.api, parent: null]]]
[ERROR] 
[ERROR] -----------------------------------------------------
[ERROR] 
[ERROR] -> [Help 1]
[ERROR] 
[ERROR] To see the full stack trace of the errors, re-run Maven with the -e switch.
[ERROR] Re-run Maven using the -X switch to enable full debug logging.
[ERROR] 
[ERROR] For more information about the errors and possible solutions, please read the following articles:
[ERROR] [Help 1] http://cwiki.apache.org/confluence/display/MAVEN/PluginContainerException
[ERROR] 
[ERROR] After correcting the problems, you can resume the build with the command
[ERROR]   mvn <args> -rf :elide-core
Failed with Java at /usr/lib/jvm/java-11-openjdk-amd64
Trying Java version: openjdk version "17.0.15" 2025-04-15
testing Step 1
[INFO] Scanning for projects...
[WARNING] 
[WARNING] Some problems were encountered while building the effective model for com.yahoo.elide:elide-integration-tests:jar:7.0.1-SNAPSHOT
[WARNING] 'build.plugins.plugin.version' for org.owasp:dependency-check-maven is missing. @ line 197, column 21
[WARNING] 
[WARNING] Some problems were encountered while building the effective model for com.yahoo.elide:elide-model-config:jar:7.0.1-SNAPSHOT
[WARNING] 'build.plugins.plugin.version' for org.codehaus.mojo:build-helper-maven-plugin is missing. @ line 154, column 21
[WARNING] 
[WARNING] Some problems were encountered while building the effective model for com.yahoo.elide:elide-swagger:jar:7.0.1-SNAPSHOT
[WARNING] 'build.plugins.plugin.version' for org.codehaus.mojo:build-helper-maven-plugin is missing. @ line 108, column 21
[WARNING] 
[WARNING] Some problems were encountered while building the effective model for com.yahoo.elide:elide-test-helpers:jar:7.0.1-SNAPSHOT
[WARNING] 'build.plugins.plugin.version' for org.codehaus.mojo:build-helper-maven-plugin is missing. @ line 77, column 21
[WARNING] 
[WARNING] It is highly recommended to fix these problems because they threaten the stability of your build.
[WARNING] 
[WARNING] For this reason, future Maven versions might no longer support building such malformed projects.
[WARNING] 
[WARNING] The project com.yahoo.elide:elide-parent-pom:pom:7.0.1-SNAPSHOT uses prerequisites which is only intended for maven-plugin projects but not for non maven-plugin projects. For such purposes you should use the maven-enforcer-plugin. See https://maven.apache.org/enforcer/enforcer-rules/requireMavenVersion.html
[INFO] ------------------------------------------------------------------------
[INFO] Reactor Build Order:
[INFO] 
[INFO] Elide: Parent Pom                                                  [pom]
[INFO] Elide: Core                                                        [jar]
[INFO] 
[INFO] ------------------< com.yahoo.elide:elide-parent-pom >------------------
[INFO] Building Elide: Parent Pom 7.0.1-SNAPSHOT                          [1/2]
[INFO] --------------------------------[ pom ]---------------------------------
[INFO] 
[INFO] --- maven-clean-plugin:2.5:clean (default-clean) @ elide-parent-pom ---
[INFO] 
[INFO] --- maven-enforcer-plugin:3.4.0:enforce (enforce-java) @ elide-parent-pom ---
[INFO] Skipping Rule Enforcement.
[INFO] 
[INFO] --- jacoco-maven-plugin:0.8.10:prepare-agent (default-prepare-agent) @ elide-parent-pom ---
[INFO] argLine set to -javaagent:/root/.m2/repository/org/jacoco/org.jacoco.agent/0.8.10/org.jacoco.agent-0.8.10-runtime.jar=destfile=/workspace/target-project/target/jacoco.exec
[INFO] 
[INFO] --- lombok-maven-plugin:1.18.20.0:delombok (default) @ elide-parent-pom ---
[WARNING] Skipping Delombok; no source to process.
[INFO] 
[INFO] >>> maven-source-plugin:3.3.0:jar (attach-sources) > generate-sources @ elide-parent-pom >>>
[INFO] 
[INFO] --- maven-enforcer-plugin:3.4.0:enforce (enforce-java) @ elide-parent-pom ---
[INFO] Skipping Rule Enforcement.
[INFO] 
[INFO] --- jacoco-maven-plugin:0.8.10:prepare-agent (default-prepare-agent) @ elide-parent-pom ---
[INFO] argLine set to -javaagent:/root/.m2/repository/org/jacoco/org.jacoco.agent/0.8.10/org.jacoco.agent-0.8.10-runtime.jar=destfile=/workspace/target-project/target/jacoco.exec
[INFO] 
[INFO] --- lombok-maven-plugin:1.18.20.0:delombok (default) @ elide-parent-pom ---
[WARNING] Skipping Delombok; no source to process.
[INFO] 
[INFO] <<< maven-source-plugin:3.3.0:jar (attach-sources) < generate-sources @ elide-parent-pom <<<
[INFO] 
[INFO] 
[INFO] --- maven-source-plugin:3.3.0:jar (attach-sources) @ elide-parent-pom ---
[INFO] 
[INFO] --- maven-javadoc-plugin:3.5.0:jar (attach-javadocs) @ elide-parent-pom ---
[INFO] Skipping javadoc generation
[INFO] 
[INFO] --- jacoco-maven-plugin:0.8.10:prepare-agent-integration (default-prepare-agent-integration) @ elide-parent-pom ---
[INFO] argLine set to -javaagent:/root/.m2/repository/org/jacoco/org.jacoco.agent/0.8.10/org.jacoco.agent-0.8.10-runtime.jar=destfile=/workspace/target-project/target/jacoco-it.exec
[INFO] 
[INFO] --- jacoco-maven-plugin:0.8.10:report (default-report) @ elide-parent-pom ---
[INFO] Skipping JaCoCo execution due to missing execution data file.
[INFO] 
[INFO] --- jacoco-maven-plugin:0.8.10:report-integration (default-report-integration) @ elide-parent-pom ---
[INFO] Skipping JaCoCo execution due to missing execution data file.
[INFO] 
[INFO] --- jacoco-maven-plugin:0.8.10:check (default-check) @ elide-parent-pom ---
[INFO] Skipping JaCoCo execution due to missing execution data file:/workspace/target-project/target/jacoco.exec
[INFO] 
[INFO] --- maven-install-plugin:2.4:install (default-install) @ elide-parent-pom ---
[INFO] Installing /workspace/target-project/pom.xml to /root/.m2/repository/com/yahoo/elide/elide-parent-pom/7.0.1-SNAPSHOT/elide-parent-pom-7.0.1-SNAPSHOT.pom
[INFO] 
[INFO] ---------------------< com.yahoo.elide:elide-core >---------------------
[INFO] Building Elide: Core 7.0.1-SNAPSHOT                                [2/2]
[INFO] --------------------------------[ jar ]---------------------------------
[INFO] 
[INFO] --- maven-clean-plugin:2.5:clean (default-clean) @ elide-core ---
[INFO] 
[INFO] --- maven-enforcer-plugin:3.4.0:enforce (enforce-java) @ elide-core ---
[INFO] Skipping Rule Enforcement.
[INFO] 
[INFO] --- maven-checkstyle-plugin:3.2.1:check (validate) @ elide-core ---
[WARNING] Error injecting: org.apache.maven.plugins.checkstyle.CheckstyleViolationCheckMojo
java.lang.UnsupportedClassVersionError: com/puppycrawl/tools/checkstyle/api/AuditListener has been compiled by a more recent version of the Java Runtime (class file version 55.0), this version of the Java Runtime only recognizes class file versions up to 52.0
    at java.lang.ClassLoader.defineClass1 (Native Method)
    at java.lang.ClassLoader.defineClass (ClassLoader.java:756)
    at java.security.SecureClassLoader.defineClass (SecureClassLoader.java:142)
    at java.net.URLClassLoader.defineClass (URLClassLoader.java:473)
    at java.net.URLClassLoader.access$100 (URLClassLoader.java:74)
    at java.net.URLClassLoader$1.run (URLClassLoader.java:369)
    at java.net.URLClassLoader$1.run (URLClassLoader.java:363)
    at java.security.AccessController.doPrivileged (Native Method)
    at java.net.URLClassLoader.findClass (URLClassLoader.java:362)
    at org.codehaus.plexus.classworlds.realm.ClassRealm.loadClassFromSelf (ClassRealm.java:425)
    at org.codehaus.plexus.classworlds.strategy.SelfFirstStrategy.loadClass (SelfFirstStrategy.java:42)
    at org.codehaus.plexus.classworlds.realm.ClassRealm.unsynchronizedLoadClass (ClassRealm.java:271)
    at org.codehaus.plexus.classworlds.realm.ClassRealm.loadClass (ClassRealm.java:247)
    at org.codehaus.plexus.classworlds.realm.ClassRealm.loadClass (ClassRealm.java:239)
    at java.lang.Class.getDeclaredConstructors0 (Native Method)
    at java.lang.Class.privateGetDeclaredConstructors (Class.java:2671)
    at java.lang.Class.getDeclaredConstructors (Class.java:2020)
    at com.google.inject.spi.InjectionPoint.forConstructorOf (InjectionPoint.java:245)
    at com.google.inject.internal.ConstructorBindingImpl.create (ConstructorBindingImpl.java:115)
    at com.google.inject.internal.InjectorImpl.createUninitializedBinding (InjectorImpl.java:706)
    at com.google.inject.internal.InjectorImpl.createJustInTimeBinding (InjectorImpl.java:930)
    at com.google.inject.internal.InjectorImpl.createJustInTimeBindingRecursive (InjectorImpl.java:852)
    at com.google.inject.internal.InjectorImpl.getJustInTimeBinding (InjectorImpl.java:291)
    at com.google.inject.internal.InjectorImpl.getBindingOrThrow (InjectorImpl.java:222)
    at com.google.inject.internal.InjectorImpl.getProviderOrThrow (InjectorImpl.java:1040)
    at com.google.inject.internal.InjectorImpl.getProvider (InjectorImpl.java:1071)
    at com.google.inject.internal.InjectorImpl.getProvider (InjectorImpl.java:1034)
    at com.google.inject.internal.InjectorImpl.getInstance (InjectorImpl.java:1086)
    at org.eclipse.sisu.space.AbstractDeferredClass.get (AbstractDeferredClass.java:48)
    at com.google.inject.internal.ProviderInternalFactory.provision (ProviderInternalFactory.java:85)
    at com.google.inject.internal.InternalFactoryToInitializableAdapter.provision (InternalFactoryToInitializableAdapter.java:57)
    at com.google.inject.internal.ProviderInternalFactory$1.call (ProviderInternalFactory.java:66)
    at com.google.inject.internal.ProvisionListenerStackCallback$Provision.provision (ProvisionListenerStackCallback.java:112)
    at com.google.inject.internal.ProvisionListenerStackCallback$Provision.provision (ProvisionListenerStackCallback.java:127)
    at com.google.inject.internal.ProvisionListenerStackCallback.provision (ProvisionListenerStackCallback.java:66)
    at com.google.inject.internal.ProviderInternalFactory.circularGet (ProviderInternalFactory.java:61)
    at com.google.inject.internal.InternalFactoryToInitializableAdapter.get (InternalFactoryToInitializableAdapter.java:47)
    at com.google.inject.internal.InjectorImpl$1.get (InjectorImpl.java:1050)
    at org.eclipse.sisu.inject.Guice4$1.get (Guice4.java:162)
    at org.eclipse.sisu.inject.LazyBeanEntry.getValue (LazyBeanEntry.java:81)
    at org.eclipse.sisu.plexus.LazyPlexusBean.getValue (LazyPlexusBean.java:51)
    at org.codehaus.plexus.DefaultPlexusContainer.lookup (DefaultPlexusContainer.java:263)
    at org.codehaus.plexus.DefaultPlexusContainer.lookup (DefaultPlexusContainer.java:255)
    at org.apache.maven.plugin.internal.DefaultMavenPluginManager.getConfiguredMojo (DefaultMavenPluginManager.java:520)
    at org.apache.maven.plugin.DefaultBuildPluginManager.executeMojo (DefaultBuildPluginManager.java:124)
    at org.apache.maven.lifecycle.internal.MojoExecutor.doExecute2 (MojoExecutor.java:370)
    at org.apache.maven.lifecycle.internal.MojoExecutor.doExecute (MojoExecutor.java:351)
    at org.apache.maven.lifecycle.internal.MojoExecutor.execute (MojoExecutor.java:215)
    at org.apache.maven.lifecycle.internal.MojoExecutor.execute (MojoExecutor.java:171)
    at org.apache.maven.lifecycle.internal.MojoExecutor.execute (MojoExecutor.java:163)
    at org.apache.maven.lifecycle.internal.LifecycleModuleBuilder.buildProject (LifecycleModuleBuilder.java:117)
    at org.apache.maven.lifecycle.internal.LifecycleModuleBuilder.buildProject (LifecycleModuleBuilder.java:81)
    at org.apache.maven.lifecycle.internal.builder.singlethreaded.SingleThreadedBuilder.build (SingleThreadedBuilder.java:56)
    at org.apache.maven.lifecycle.internal.LifecycleStarter.execute (LifecycleStarter.java:128)
    at org.apache.maven.DefaultMaven.doExecute (DefaultMaven.java:294)
    at org.apache.maven.DefaultMaven.doExecute (DefaultMaven.java:192)
    at org.apache.maven.DefaultMaven.execute (DefaultMaven.java:105)
    at org.apache.maven.cli.MavenCli.execute (MavenCli.java:960)
    at org.apache.maven.cli.MavenCli.doMain (MavenCli.java:293)
    at org.apache.maven.cli.MavenCli.main (MavenCli.java:196)
    at sun.reflect.NativeMethodAccessorImpl.invoke0 (Native Method)
    at sun.reflect.NativeMethodAccessorImpl.invoke (NativeMethodAccessorImpl.java:62)
    at sun.reflect.DelegatingMethodAccessorImpl.invoke (DelegatingMethodAccessorImpl.java:43)
    at java.lang.reflect.Method.invoke (Method.java:498)
    at org.codehaus.plexus.classworlds.launcher.Launcher.launchEnhanced (Launcher.java:282)
    at org.codehaus.plexus.classworlds.launcher.Launcher.launch (Launcher.java:225)
    at org.codehaus.plexus.classworlds.launcher.Launcher.mainWithExitCode (Launcher.java:406)
    at org.codehaus.plexus.classworlds.launcher.Launcher.main (Launcher.java:347)
[INFO] ------------------------------------------------------------------------
[INFO] Reactor Summary for Elide: Parent Pom 7.0.1-SNAPSHOT:
[INFO] 
[INFO] Elide: Parent Pom .................................. SUCCESS [  1.235 s]
[INFO] Elide: Core ........................................ FAILURE [  0.559 s]
[INFO] ------------------------------------------------------------------------
[INFO] BUILD FAILURE
[INFO] ------------------------------------------------------------------------
[INFO] Total time:  2.217 s
[INFO] Finished at: 2025-08-04T16:13:30Z
[INFO] ------------------------------------------------------------------------
[ERROR] Failed to execute goal org.apache.maven.plugins:maven-checkstyle-plugin:3.2.1:check (validate) on project elide-core: Execution validate of goal org.apache.maven.plugins:maven-checkstyle-plugin:3.2.1:check failed: An API incompatibility was encountered while executing org.apache.maven.plugins:maven-checkstyle-plugin:3.2.1:check: java.lang.UnsupportedClassVersionError: com/puppycrawl/tools/checkstyle/api/AuditListener has been compiled by a more recent version of the Java Runtime (class file version 55.0), this version of the Java Runtime only recognizes class file versions up to 52.0
[ERROR] -----------------------------------------------------
[ERROR] realm =    plugin>org.apache.maven.plugins:maven-checkstyle-plugin:3.2.1
[ERROR] strategy = org.codehaus.plexus.classworlds.strategy.SelfFirstStrategy
[ERROR] urls[0] = file:/root/.m2/repository/org/apache/maven/plugins/maven-checkstyle-plugin/3.2.1/maven-checkstyle-plugin-3.2.1.jar
[ERROR] urls[1] = file:/root/.m2/repository/com/puppycrawl/tools/checkstyle/10.12.4/checkstyle-10.12.4.jar
[ERROR] urls[2] = file:/root/.m2/repository/info/picocli/picocli/4.7.5/picocli-4.7.5.jar
[ERROR] urls[3] = file:/root/.m2/repository/org/antlr/antlr4-runtime/4.13.1/antlr4-runtime-4.13.1.jar
[ERROR] urls[4] = file:/root/.m2/repository/commons-beanutils/commons-beanutils/1.9.4/commons-beanutils-1.9.4.jar
[ERROR] urls[5] = file:/root/.m2/repository/commons-logging/commons-logging/1.2/commons-logging-1.2.jar
[ERROR] urls[6] = file:/root/.m2/repository/com/google/guava/guava/32.0.1-jre/guava-32.0.1-jre.jar
[ERROR] urls[7] = file:/root/.m2/repository/com/google/guava/failureaccess/1.0.1/failureaccess-1.0.1.jar
[ERROR] urls[8] = file:/root/.m2/repository/com/google/guava/listenablefuture/9999.0-empty-to-avoid-conflict-with-guava/listenablefuture-9999.0-empty-to-avoid-conflict-with-guava.jar
[ERROR] urls[9] = file:/root/.m2/repository/com/google/code/findbugs/jsr305/3.0.2/jsr305-3.0.2.jar
[ERROR] urls[10] = file:/root/.m2/repository/com/google/errorprone/error_prone_annotations/2.18.0/error_prone_annotations-2.18.0.jar
[ERROR] urls[11] = file:/root/.m2/repository/com/google/j2objc/j2objc-annotations/2.8/j2objc-annotations-2.8.jar
[ERROR] urls[12] = file:/root/.m2/repository/org/reflections/reflections/0.10.2/reflections-0.10.2.jar
[ERROR] urls[13] = file:/root/.m2/repository/org/javassist/javassist/3.28.0-GA/javassist-3.28.0-GA.jar
[ERROR] urls[14] = file:/root/.m2/repository/net/sf/saxon/Saxon-HE/12.3/Saxon-HE-12.3.jar
[ERROR] urls[15] = file:/root/.m2/repository/org/xmlresolver/xmlresolver/5.2.0/xmlresolver-5.2.0.jar
[ERROR] urls[16] = file:/root/.m2/repository/org/apache/httpcomponents/client5/httpclient5/5.1.3/httpclient5-5.1.3.jar
[ERROR] urls[17] = file:/root/.m2/repository/org/apache/httpcomponents/core5/httpcore5-h2/5.1.3/httpcore5-h2-5.1.3.jar
[ERROR] urls[18] = file:/root/.m2/repository/org/apache/httpcomponents/core5/httpcore5/5.1.3/httpcore5-5.1.3.jar
[ERROR] urls[19] = file:/root/.m2/repository/org/xmlresolver/xmlresolver/5.2.0/xmlresolver-5.2.0-data.jar
[ERROR] urls[20] = file:/root/.m2/repository/org/checkerframework/checker-qual/3.27.0/checker-qual-3.27.0.jar
[ERROR] urls[21] = file:/root/.m2/repository/org/apache/maven/doxia/doxia-module-xdoc/1.12.0/doxia-module-xdoc-1.12.0.jar
[ERROR] urls[22] = file:/root/.m2/repository/org/apache/maven/reporting/maven-reporting-api/3.1.1/maven-reporting-api-3.1.1.jar
[ERROR] urls[23] = file:/root/.m2/repository/org/apache/maven/reporting/maven-reporting-impl/3.2.0/maven-reporting-impl-3.2.0.jar
[ERROR] urls[24] = file:/root/.m2/repository/org/eclipse/aether/aether-util/0.9.0.M2/aether-util-0.9.0.M2.jar
[ERROR] urls[25] = file:/root/.m2/repository/javax/enterprise/cdi-api/1.2/cdi-api-1.2.jar
[ERROR] urls[26] = file:/root/.m2/repository/org/eclipse/sisu/org.eclipse.sisu.inject/0.3.5/org.eclipse.sisu.inject-0.3.5.jar
[ERROR] urls[27] = file:/root/.m2/repository/org/sonatype/plexus/plexus-sec-dispatcher/1.3/plexus-sec-dispatcher-1.3.jar
[ERROR] urls[28] = file:/root/.m2/repository/org/sonatype/plexus/plexus-cipher/1.4/plexus-cipher-1.4.jar
[ERROR] urls[29] = file:/root/.m2/repository/org/apache/maven/shared/maven-shared-utils/3.3.4/maven-shared-utils-3.3.4.jar
[ERROR] urls[30] = file:/root/.m2/repository/org/apache/maven/doxia/doxia-decoration-model/1.11.1/doxia-decoration-model-1.11.1.jar
[ERROR] urls[31] = file:/root/.m2/repository/org/apache/maven/doxia/doxia-site-renderer/1.11.1/doxia-site-renderer-1.11.1.jar
[ERROR] urls[32] = file:/root/.m2/repository/org/apache/maven/doxia/doxia-skin-model/1.11.1/doxia-skin-model-1.11.1.jar
[ERROR] urls[33] = file:/root/.m2/repository/org/apache/maven/doxia/doxia-module-xhtml/1.11.1/doxia-module-xhtml-1.11.1.jar
[ERROR] urls[34] = file:/root/.m2/repository/org/apache/maven/doxia/doxia-module-xhtml5/1.11.1/doxia-module-xhtml5-1.11.1.jar
[ERROR] urls[35] = file:/root/.m2/repository/org/apache/velocity/velocity-tools/2.0/velocity-tools-2.0.jar
[ERROR] urls[36] = file:/root/.m2/repository/commons-digester/commons-digester/1.8/commons-digester-1.8.jar
[ERROR] urls[37] = file:/root/.m2/repository/commons-chain/commons-chain/1.1/commons-chain-1.1.jar
[ERROR] urls[38] = file:/root/.m2/repository/dom4j/dom4j/1.1/dom4j-1.1.jar
[ERROR] urls[39] = file:/root/.m2/repository/oro/oro/2.0.8/oro-2.0.8.jar
[ERROR] urls[40] = file:/root/.m2/repository/org/apache/maven/doxia/doxia-sink-api/1.11.1/doxia-sink-api-1.11.1.jar
[ERROR] urls[41] = file:/root/.m2/repository/org/apache/maven/doxia/doxia-logging-api/1.11.1/doxia-logging-api-1.11.1.jar
[ERROR] urls[42] = file:/root/.m2/repository/org/apache/maven/doxia/doxia-core/1.11.1/doxia-core-1.11.1.jar
[ERROR] urls[43] = file:/root/.m2/repository/org/apache/xbean/xbean-reflect/3.7/xbean-reflect-3.7.jar
[ERROR] urls[44] = file:/root/.m2/repository/com/google/collections/google-collections/1.0/google-collections-1.0.jar
[ERROR] urls[45] = file:/root/.m2/repository/org/apache/commons/commons-lang3/3.8.1/commons-lang3-3.8.1.jar
[ERROR] urls[46] = file:/root/.m2/repository/org/apache/commons/commons-text/1.3/commons-text-1.3.jar
[ERROR] urls[47] = file:/root/.m2/repository/org/apache/httpcomponents/httpclient/4.5.13/httpclient-4.5.13.jar
[ERROR] urls[48] = file:/root/.m2/repository/commons-codec/commons-codec/1.11/commons-codec-1.11.jar
[ERROR] urls[49] = file:/root/.m2/repository/org/apache/httpcomponents/httpcore/4.4.14/httpcore-4.4.14.jar
[ERROR] urls[50] = file:/root/.m2/repository/org/apache/maven/doxia/doxia-integration-tools/1.11.1/doxia-integration-tools-1.11.1.jar
[ERROR] urls[51] = file:/root/.m2/repository/commons-io/commons-io/2.6/commons-io-2.6.jar
[ERROR] urls[52] = file:/root/.m2/repository/org/codehaus/plexus/plexus-i18n/1.0-beta-10/plexus-i18n-1.0-beta-10.jar
[ERROR] urls[53] = file:/root/.m2/repository/org/codehaus/plexus/plexus-interpolation/1.26/plexus-interpolation-1.26.jar
[ERROR] urls[54] = file:/root/.m2/repository/org/codehaus/plexus/plexus-component-annotations/2.1.1/plexus-component-annotations-2.1.1.jar
[ERROR] urls[55] = file:/root/.m2/repository/org/codehaus/plexus/plexus-resources/1.1.0/plexus-resources-1.1.0.jar
[ERROR] urls[56] = file:/root/.m2/repository/org/codehaus/plexus/plexus-utils/3.4.2/plexus-utils-3.4.2.jar
[ERROR] urls[57] = file:/root/.m2/repository/org/codehaus/plexus/plexus-velocity/1.2/plexus-velocity-1.2.jar
[ERROR] urls[58] = file:/root/.m2/repository/commons-collections/commons-collections/3.1/commons-collections-3.1.jar
[ERROR] urls[59] = file:/root/.m2/repository/org/apache/velocity/velocity/1.7/velocity-1.7.jar
[ERROR] urls[60] = file:/root/.m2/repository/commons-lang/commons-lang/2.4/commons-lang-2.4.jar
[ERROR] Number of foreign imports: 1
[ERROR] import: Entry[import  from realm ClassRealm[project>com.yahoo.elide:elide-parent-pom:7.0.1-SNAPSHOT, parent: ClassRealm[maven.api, parent: null]]]
[ERROR] 
[ERROR] -----------------------------------------------------
[ERROR] 
[ERROR] -> [Help 1]
[ERROR] 
[ERROR] To see the full stack trace of the errors, re-run Maven with the -e switch.
[ERROR] Re-run Maven using the -X switch to enable full debug logging.
[ERROR] 
[ERROR] For more information about the errors and possible solutions, please read the following articles:
[ERROR] [Help 1] http://cwiki.apache.org/confluence/display/MAVEN/PluginContainerException
[ERROR] 
[ERROR] After correcting the problems, you can resume the build with the command
[ERROR]   mvn <args> -rf :elide-core
Failed with Java at /usr/lib/jvm/java-17-openjdk-amd64
All Java versions failed
